[2026-06-10 14:41:16] data_evento=2026-06-10 14:40:12 ISEP=0021 Conta=0021 Codigo=7101 Particao=1 Zona/Usuario=1 Meio=ETH Equip=VW16ZETH 14660887 Descricao=COD. 7101 Zona 1 | Status=sucesso[2026-06-10 15:27:51] data_evento=2026-06-10 15:27:51 ISEP=0021 Conta=0021 Codigo=7102 Particao=1 Zona/Usuario=2 Meio=ETH Equip=VW16ZETH 14660887 Descricao=COD. 7102 Zona 2 | Status=sucesso
[2026-06-10 16:07:04] data_evento=2026-06-10 16:06:04 ISEP=0021 Conta=0021 Codigo=7101 Particao=1 Zona/Usuario=1 Meio=ETH Equip=VW16ZETH 14660887 Descricao=COD. 7101 Zona 1
[2026-06-10 16:53:25] data_evento=2026-06-10 16:52:25 ISEP=0021 Conta=0021 Codigo=7102 Particao=1 Zona/Usuario=2 Meio=ETH Equip=VW16ZETH 14660887 Descricao=COD. 7102 Zona 2 | Status=sucesso
[2026-06-10 17:00:09] data_evento=2026-06-10 16:59:09 ISEP=0021 Conta=0021 Codigo=7101 Particao=1 Zona/Usuario=1 Meio=ETH Equip=VW16ZETH 14660887 Descricao=COD. 7101 Zona 1 | Status=gravacao nao encontrada
[2026-06-10 17:09:44] data_evento=2026-01-01 00:01:44 ISEP=0021 Conta=0021 Codigo=8101 Particao=1 Zona/Usuario=5 Meio=ETH Equip=VW16ZETH 14660887 Descricao=COD. 8101 Zona 5
[2026-06-10 17:09:45] data_evento=2026-06-10 17:09:45 ISEP=0021 Conta=0021 Codigo=8102 Particao=1 Zona/Usuario=6 Meio=ETH Equip=VW16ZETH 14660887 Descricao=COD. 8102 Zona 6
[2026-06-10 17:09:45] data_evento=2026-06-10 17:09:45 ISEP=0021 Conta=0021 Codigo=8301 Particao=1 Zona/Usuario=5 Meio=ETH Equip=VW16ZETH 14660887 Descricao=COD. 8301 Zona 5
[2026-06-10 17:09:46] data_evento=2026-06-10 17:09:46 ISEP=0021 Conta=0021 Codigo=8302 Particao=1 Zona/Usuario=6 Meio=ETH Equip=VW16ZETH 14660887 Descricao=COD. 8302 Zona 6
[2026-06-10 17:16:02] data_evento=2026-06-10 17:16:02 ISEP=0021 Conta=0021 Codigo=7101 Particao=1 Zona/Usuario=1 Meio=ETH Equip=VW16ZETH 14660887 Descricao=COD. 7101 Zona 1 | Status=gravacao nao encontrada
[2026-06-10 17:17:07] data_evento=2026-06-10 17:17:07 ISEP=0021 Conta=0021 Codigo=7102 Particao=1 Zona/Usuario=2 Meio=ETH Equip=VW16ZETH 14660887 Descricao=COD. 7102 Zona 2 | Status=gravacao nao encontrada
[2026-06-10 17:28:13] data_evento=2026-06-10 17:28:13 ISEP=0021 Conta=0021 Codigo=7101 Particao=1 Zona/Usuario=1 Meio=ETH Equip=VW16ZETH 14660887 Descricao=COD. 7101 Zona 1 | Status=sucesso
[2026-06-10 17:28:15] data_evento=2026-06-10 17:28:15 ISEP=0021 Conta=0021 Codigo=7102 Particao=1 Zona/Usuario=2 Meio=ETH Equip=VW16ZETH 14660887 Descricao=COD. 7102 Zona 2 | Status=sucesso
[2026-06-10 14:41:16] data_evento=2026-06-10 14:41:12 ISEP=0021 Conta=0021 Codigo=7101 Particao=1 Zona/Usuario=1 Meio=ETH Equip=VW16ZETH 14660887 Descricao=COD. 7101 Zona 1 | Status=sucesso
[2026-06-10 16:07:04] data_evento=2026-06-10 16:07:04 ISEP=0021 Conta=0021 Codigo=7101 Particao=1 Zona/Usuario=1 Meio=ETH Equip=VW16ZETH 14660887 Descricao=COD. 7101 Zona 1 | Status=sucesso
[2026-06-11 21:20:37] data_evento=2026-06-11 21:20:37 ISEP=0021 Conta=0021 Codigo=7102 Particao=1 Zona/Usuario=2 Meio=ETH Equip=VW16ZETH 14660887 Descricao=COD. 7102 Zona 2 | Status=sucesso
[2026-06-12 07:47:18] data_evento=2026-06-12 07:47:18 ISEP=0021 Conta=0021 Codigo=7102 Particao=1 Zona/Usuario=2 Meio=ETH Equip=VW16ZETH 14660887 Descricao=COD. 7102 Zona 2 | Status=sucesso
[2026-06-14 12:10:17] data_evento=2026-06-14 12:09:16 ISEP=0021 Conta=0021 Codigo=7101 Particao=1 Zona/Usuario=1 Meio=ETH Equip=VW16ZETH 14660887 Descricao=COD. 7101 Zona 1 | Status=sucesso
[2026-06-14 12:11:48] data_evento=2026-06-14 12:11:48 ISEP=0021 Conta=0021 Codigo=7101 Particao=1 Zona/Usuario=1 Meio=ETH Equip=VW16ZETH 14660887 Descricao=COD. 7101 Zona 1 | Status=sucesso
[2026-06-14 16:05:52] data_evento=2026-06-14 16:05:52 ISEP=0021 Conta=0021 Codigo=7101 Particao=1 Zona/Usuario=1 Meio=ETH Equip=VW16ZETH 14660887 Descricao=COD. 7101 Zona 1
[2026-06-17 06:41:30] data_evento=2026-01-01 00:01:29 ISEP=0021 Conta=0021 Codigo=8102 Particao=1 Zona/Usuario=6 Meio=ETH Equip=VW16ZETH 14660887 Descricao=COD. 8102 Zona 6
[2026-06-17 06:41:30] data_evento=2026-01-01 00:01:30 ISEP=0021 Conta=0021 Codigo=8301 Particao=1 Zona/Usuario=5 Meio=ETH Equip=VW16ZETH 14660887 Descricao=COD. 8301 Zona 5
[2026-06-17 06:41:30] data_evento=2026-01-01 00:01:30 ISEP=0021 Conta=0021 Codigo=8302 Particao=1 Zona/Usuario=6 Meio=ETH Equip=VW16ZETH 14660887 Descricao=COD. 8302 Zona 6
[2026-06-17 12:46:29] data_evento=2026-06-17 12:45:10 ISEP=0021 Conta=0021 Codigo=7102 Particao=1 Zona/Usuario=2 Meio=ETH Equip=VW16ZETH 14660887 Descricao=COD. 7102 Zona 2
[2026-06-17 12:51:17] data_evento=2026-06-17 12:50:58 ISEP=0021 Conta=0021 Codigo=7102 Particao=1 Zona/Usuario=2 Meio=ETH Equip=VW16ZETH 14660887 Descricao=COD. 7102 Zona 2
[2026-06-17 16:31:25] data_evento=2026-06-17 16:30:25 ISEP=0021 Conta=0021 Codigo=7101 Particao=1 Zona/Usuario=1 Meio=ETH Equip=VW16ZETH 14660887 Descricao=COD. 7101 Zona 1 | Status=sucesso
[2026-06-17 16:31:27] data_evento=2026-06-17 16:31:26 ISEP=0021 Conta=0021 Codigo=7101 Particao=1 Zona/Usuario=1 Meio=ETH Equip=VW16ZETH 14660887 Descricao=COD. 7101 Zona 1 | Status=sucesso
[2026-06-17 18:55:06] data_evento=2026-06-17 18:54:06 ISEP=0021 Conta=0021 Codigo=7101 Particao=1 Zona/Usuario=1 Meio=ETH Equip=VW16ZETH 14660887 Descricao=COD. 7101 Zona 1 | Status=sucesso
[2026-06-17 18:55:29] data_evento=2026-06-17 18:54:29 ISEP=0021 Conta=0021 Codigo=7102 Particao=1 Zona/Usuario=2 Meio=ETH Equip=VW16ZETH 14660887 Descricao=COD. 7102 Zona 2 | Status=sucesso
[2026-06-17 19:05:07] data_evento=2026-01-01 00:01:06 ISEP=0021 Conta=0021 Codigo=8101 Particao=1 Zona/Usuario=5 Meio=ETH Equip=VW16ZETH 14660887 Descricao=COD. 8101 Zona 5
[2026-06-17 19:05:07] data_evento=2026-06-17 19:05:07 ISEP=0021 Conta=0021 Codigo=8102 Particao=1 Zona/Usuario=6 Meio=ETH Equip=VW16ZETH 14660887 Descricao=COD. 8102 Zona 6
[2026-06-17 19:05:07] data_evento=2026-06-17 19:05:07 ISEP=0021 Conta=0021 Codigo=8301 Particao=1 Zona/Usuario=5 Meio=ETH Equip=VW16ZETH 14660887 Descricao=COD. 8301 Zona 5
[2026-06-17 19:05:08] data_evento=2026-06-17 19:05:08 ISEP=0021 Conta=0021 Codigo=8302 Particao=1 Zona/Usuario=6 Meio=ETH Equip=VW16ZETH 14660887 Descricao=COD. 8302 Zona 6
[2026-06-18 09:27:02] data_evento=2026-06-18 09:26:42 ISEP=0021 Conta=0021 Codigo=7101 Particao=1 Zona/Usuario=1 Meio=ETH Equip=VW16ZETH 14660887 Descricao=COD. 7101 Zona 1 | Status=sucesso
[2026-06-18 17:50:09] data_evento=2026-06-18 17:49:50 ISEP=0021 Conta=0021 Codigo=7101 Particao=1 Zona/Usuario=1 Meio=ETH Equip=VW16ZETH 14660887 Descricao=COD. 7101 Zona 1 | Status=sucesso
[2026-06-18 20:48:45] data_evento=2026-06-18 20:47:45 ISEP=0021 Conta=0021 Codigo=7102 Particao=1 Zona/Usuario=2 Meio=ETH Equip=VW16ZETH 14660887 Descricao=COD. 7102 Zona 2 | Status=sucesso
[2026-06-18 20:49:56] data_evento=2026-06-18 20:49:56 ISEP=0021 Conta=0021 Codigo=7102 Particao=1 Zona/Usuario=2 Meio=ETH Equip=VW16ZETH 14660887 Descricao=COD. 7102 Zona 2 | Status=sucesso
[2026-06-18 20:59:12] data_evento=2026-06-18 20:58:12 ISEP=0021 Conta=0021 Codigo=7102 Particao=1 Zona/Usuario=2 Meio=ETH Equip=VW16ZETH 14660887 Descricao=COD. 7102 Zona 2 | Status=sucesso
[2026-06-18 21:22:29] data_evento=2026-06-18 21:21:29 ISEP=0021 Conta=0021 Codigo=7101 Particao=1 Zona/Usuario=1 Meio=ETH Equip=VW16ZETH 14660887 Descricao=COD. 7101 Zona 1 | Status=sucesso
[2026-06-18 21:29:39] data_evento=2026-06-18 21:28:39 ISEP=0021 Conta=0021 Codigo=7101 Particao=1 Zona/Usuario=1 Meio=ETH Equip=VW16ZETH 14660887 Descricao=COD. 7101 Zona 1 | Status=sucesso
[2026-06-18 21:36:24] data_evento=2026-06-18 21:35:24 ISEP=0021 Conta=0021 Codigo=7101 Particao=1 Zona/Usuario=1 Meio=ETH Equip=VW16ZETH 14660887 Descricao=COD. 7101 Zona 1 | Status=sucesso
[2026-06-18 21:42:36] data_evento=2026-06-18 21:41:36 ISEP=0021 Conta=0021 Codigo=7101 Particao=1 Zona/Usuario=1 Meio=ETH Equip=VW16ZETH 14660887 Descricao=COD. 7101 Zona 1 | Status=sucesso
[2026-06-18 21:48:13] data_evento=2026-06-18 21:47:13 ISEP=0021 Conta=0021 Codigo=7101 Particao=1 Zona/Usuario=1 Meio=ETH Equip=VW16ZETH 14660887 Descricao=COD. 7101 Zona 1 | Status=sucesso
[2026-06-18 22:34:05] data_evento=2026-06-18 22:33:05 ISEP=0021 Conta=0021 Codigo=7102 Particao=1 Zona/Usuario=2 Meio=ETH Equip=VW16ZETH 14660887 Descricao=COD. 7102 Zona 2 | Status=sucesso
[2026-06-19 07:30:40] data_evento=2026-06-19 07:29:40 ISEP=0021 Conta=0021 Codigo=7102 Particao=1 Zona/Usuario=2 Meio=ETH Equip=VW16ZETH 14660887 Descricao=COD. 7102 Zona 2 | Status=sucesso
[2026-06-19 07:32:57] data_evento=2026-06-19 07:32:56 ISEP=0021 Conta=0021 Codigo=7102 Particao=1 Zona/Usuario=2 Meio=ETH Equip=VW16ZETH 14660887 Descricao=COD. 7102 Zona 2 | Status=sucesso
[2026-06-19 07:44:47] data_evento=2026-06-19 07:43:47 ISEP=0021 Conta=0021 Codigo=7102 Particao=1 Zona/Usuario=2 Meio=ETH Equip=VW16ZETH 14660887 Descricao=COD. 7102 Zona 2 | Status=sucesso
[2026-06-19 07:48:12] data_evento=2026-06-19 07:47:11 ISEP=0021 Conta=0021 Codigo=7102 Particao=1 Zona/Usuario=2 Meio=ETH Equip=VW16ZETH 14660887 Descricao=COD. 7102 Zona 2 | Status=sucesso
[2026-06-19 07:59:55] data_evento=2026-06-19 07:59:52 ISEP=0021 Conta=0021 Codigo=7102 Particao=1 Zona/Usuario=2 Meio=ETH Equip=VW16ZETH 14660887 Descricao=COD. 7102 Zona 2 | Status=sucesso
[2026-06-19 15:43:08] data_evento=2026-06-19 15:42:08 ISEP=0021 Conta=0021 Codigo=7102 Particao=1 Zona/Usuario=2 Meio=ETH Equip=VW16ZETH 14660887 Descricao=COD. 7102 Zona 2 | Status=erro: API indisponivel
[2026-06-20 09:45:44] data_evento=2026-06-20 09:45:44 ISEP=0021 Conta=0021 Codigo=7102 Particao=1 Zona/Usuario=2 Meio=ETH Equip=VW16ZETH 14660887 Descricao=COD. 7102 Zona 2 | Status=sucesso
[2026-06-20 09:54:17] data_evento=2026-06-20 09:54:17 ISEP=0021 Conta=0021 Codigo=7102 Particao=1 Zona/Usuario=2 Meio=ETH Equip=VW16ZETH 14660887 Descricao=COD. 7102 Zona 2 | Status=sucesso
[2026-06-20 09:55:18] data_evento=2026-06-20 09:55:18 ISEP=0021 Conta=0021 Codigo=7102 Particao=1 Zona/Usuario=2 Meio=ETH Equip=VW16ZETH 14660887 Descricao=COD. 7102 Zona 2 | Status=sucesso
[2026-06-20 10:00:50] data_evento=2026-06-20 10:00:50 ISEP=0021 Conta=0021 Codigo=7102 Particao=1 Zona/Usuario=2 Meio=ETH Equip=VW16ZETH 14660887 Descricao=COD. 7102 Zona 2 | Status=sucesso
[2026-06-20 19:24:49] data_evento=2026-06-20 19:24:49 ISEP=0021 Conta=0021 Codigo=7101 Particao=1 Zona/Usuario=1 Meio=ETH Equip=VW16ZETH 14660887 Descricao=COD. 7101 Zona 1 | Status=sucesso
[2026-06-21 11:22:58] data_evento=2026-06-21 11:22:57 ISEP=0021 Conta=0021 Codigo=7101 Particao=1 Zona/Usuario=1 Meio=ETH Equip=VW16ZETH 14660887 Descricao=COD. 7101 Zona 1 | Status=sucesso
[2026-06-22 07:44:46] data_evento=2026-06-22 07:44:45 ISEP=0021 Conta=0021 Codigo=7102 Particao=1 Zona/Usuario=2 Meio=ETH Equip=VW16ZETH 14660887 Descricao=COD. 7102 Zona 2 | Status=sucesso
[2026-06-22 12:30:49] data_evento=2026-06-22 12:30:49 ISEP=0021 Conta=0021 Codigo=7102 Particao=1 Zona/Usuario=2 Meio=ETH Equip=VW16ZETH 14660887 Descricao=COD. 7102 Zona 2 | Status=sucesso
[2026-06-22 12:33:03] data_evento=2026-06-22 12:32:02 ISEP=0021 Conta=0021 Codigo=7102 Particao=1 Zona/Usuario=2 Meio=ETH Equip=VW16ZETH 14660887 Descricao=COD. 7102 Zona 2 | Status=sucesso
[2026-06-22 12:33:45] data_evento=2026-06-22 12:33:45 ISEP=0021 Conta=0021 Codigo=7102 Particao=1 Zona/Usuario=2 Meio=ETH Equip=VW16ZETH 14660887 Descricao=COD. 7102 Zona 2 | Status=sucesso
[2026-06-22 12:51:58] data_evento=2026-06-22 12:51:58 ISEP=0021 Conta=0021 Codigo=7101 Particao=1 Zona/Usuario=1 Meio=ETH Equip=VW16ZETH 14660887 Descricao=COD. 7101 Zona 1 | Status=sucesso
[2026-06-22 20:55:00] data_evento=2026-06-22 20:54:00 ISEP=0021 Conta=0021 Codigo=7102 Particao=1 Zona/Usuario=2 Meio=ETH Equip=VW16ZETH 14660887 Descricao=COD. 7102 Zona 2 | Status=sucesso
[2026-06-22 21:01:12] data_evento=2026-06-22 21:00:12 ISEP=0021 Conta=0021 Codigo=7102 Particao=1 Zona/Usuario=2 Meio=ETH Equip=VW16ZETH 14660887 Descricao=COD. 7102 Zona 2 | Status=sucesso
[2026-06-26 11:41:38] data_evento=2026-06-26 11:41:36 ISEP=0021 Conta=0021 Codigo=7102 Particao=1 Zona/Usuario=2 Meio=ETH Equip=VW16ZETH 14660887 Descricao=COD. 7102 Zona 2 | Status=sucesso
[2026-06-26 13:06:24] data_evento=2026-06-26 13:06:24 ISEP=0021 Conta=0021 Codigo=7102 Particao=1 Zona/Usuario=2 Meio=ETH Equip=VW16ZETH 14660887 Descricao=COD. 7102 Zona 2 | Status=sucesso
[2026-06-26 13:33:34] data_evento=2026-06-26 13:33:34 ISEP=0021 Conta=0021 Codigo=7102 Particao=1 Zona/Usuario=2 Meio=ETH Equip=VW16ZETH 14660887 Descricao=COD. 7102 Zona 2 | Status=sucesso
[2026-06-26 14:41:22] data_evento=2026-06-26 14:41:21 ISEP=0021 Conta=0021 Codigo=7102 Particao=1 Zona/Usuario=2 Meio=ETH Equip=VW16ZETH 14660887 Descricao=COD. 7102 Zona 2 | Status=sucesso
